*** Using Compiler 'V5.06 update 7 (build 960)', folder: 'C:\Keil_v5\ARM\ARMCC\Bin'
Rebuild target 'StepMotorDriver_Keil'
assembling startup_stm32f407xx.s...
compiling stm32f4xx_hal_msp.c...
compiling spi.c...
compiling stm32f4xx_it.c...
compiling main.c...
compiling iwdg.c...
compiling stm32f4xx_hal_gpio.c...
compiling gpio.c...
compiling stm32f4xx_hal_can.c...
compiling stm32f4xx_hal_flash_ramfunc.c...
compiling stm32f4xx_hal_flash_ex.c...
compiling stm32f4xx_hal_flash.c...
compiling can.c...
compiling usart.c...
compiling tim.c...
compiling stm32f4xx_hal_rcc.c...
compiling stm32f4xx_hal_rcc_ex.c...
compiling stm32f4xx_hal_dma.c...
compiling system_stm32f4xx.c...
compiling stm32f4xx_hal_dma_ex.c...
compiling ela_queue.c...
compiling ela_tmc5160_usr.c...
compiling ela_motor_ctrl.c...
compiling ela_can_usr.c...
compiling stm32f4xx_hal_pwr.c...
compiling stm32f4xx_hal_pwr_ex.c...
compiling ela_can_drv.c...
compiling stm32f4xx_hal.c...
compiling elaco_main.c...
compiling stm32f4xx_hal_tim.c...
compiling stm32f4xx_hal_iwdg.c...
compiling stm32f4xx_hal_cortex.c...
compiling stm32f4xx_hal_spi.c...
compiling stm32f4xx_hal_uart.c...
compiling ela_tmc5160_test.c...
compiling stm32f4xx_hal_exti.c...
compiling ela_tmc5160_drv.c...
compiling stm32f4xx_hal_tim_ex.c...
linking...
Program Size: Code=15236 RO-data=600 RW-data=44 ZI-data=2652  
FromELF: creating hex file...
"StepMotorDriver_Keil\StepMotorDriver_Keil.axf" - 0 Error(s), 0 Warning(s).
Build Time Elapsed:  00:00:21
