*** Using Compiler 'V5.06 update 7 (build 960)', folder: 'C:\Keil_v5\ARM\ARMCC\Bin'
Build target 'StepMotorDriver_Keil'
compiling test_speed_mode.c...
compiling test_encoder.c...
..\ModTest\test_encoder.c(144): warning:  #177-D: function "Encoder_CheckError"  was declared but never referenced
  static unsigned char Encoder_CheckError(TMC5160_T *CHIP_T)
..\ModTest\test_encoder.c: 1 warning, 0 errors
compiling ela_can.c...
..\ELA_LIB\ela_can.c(16): warning:  #61-D: integer operation result is out of range
          ((0x1AA55F42 << 3) | 0x4) >> 16;
..\ELA_LIB\ela_can.c(16): warning:  #68-D: integer conversion resulted in a change of sign
          ((0x1AA55F42 << 3) | 0x4) >> 16;
..\ELA_LIB\ela_can.c(18): warning:  #61-D: integer operation result is out of range
          ((0x1AA55F42 << 3) | 0x4) & 0xFFFF;
..\ELA_LIB\ela_can.c: 3 warnings, 0 errors
compiling ela_uart.c...
compiling main.c...
compiling ela_pid.c...
compiling test_tmc5160.c...
compiling ela_timer.c...
compiling ela_eeprom.c...
compiling stm32f4xx_it.c...
compiling elaco_main.c...
..\ELA_LIB\elaco_main.c(232): warning:  #177-D: function "Motor_CheckError"  was declared but never referenced
  static void Motor_CheckError(void)
..\ELA_LIB\elaco_main.c: 1 warning, 0 errors
compiling ela_tmc5160.c...
linking...
Program Size: Code=14214 RO-data=626 RW-data=228 ZI-data=2236  
FromELF: creating hex file...
"StepMotorDriver_Keil\StepMotorDriver_Keil.axf" - 0 Error(s), 5 Warning(s).
Build Time Elapsed:  00:00:09
