*** Using Compiler 'V5.06 update 7 (build 960)', folder: 'C:\Keil_v5\ARM\ARMCC\Bin'
Build target 'StepMotorDriver_Keil'
assembling startup_stm32f407xx.s...
compiling stm32f4xx_hal_flash_ramfunc.c...
compiling stm32f4xx_hal_gpio.c...
compiling stm32f4xx_hal_flash.c...
compiling stm32f4xx_hal_rcc_ex.c...
compiling stm32f4xx_it.c...
compiling stm32f4xx_hal_can.c...
compiling iwdg.c...
compiling stm32f4xx_hal_flash_ex.c...
compiling can.c...
compiling main.c...
compiling gpio.c...
compiling stm32f4xx_hal_rcc.c...
compiling tim.c...
compiling usart.c...
compiling stm32f4xx_hal_msp.c...
compiling spi.c...
compiling stm32f4xx_hal_pwr_ex.c...
compiling stm32f4xx_hal.c...
compiling system_stm32f4xx.c...
compiling stm32f4xx_hal_exti.c...
compiling stm32f4xx_hal_cortex.c...
compiling ela_uart.c...
compiling stm32f4xx_hal_dma.c...
compiling stm32f4xx_hal_spi.c...
compiling stm32f4xx_hal_iwdg.c...
compiling stm32f4xx_hal_tim_ex.c...
compiling ela_can.c...
..\ELA_LIB\ela_can.c(16): warning:  #61-D: integer operation result is out of range
          ((0x1AA55F42 << 3) | 0x4) >> 16;
..\ELA_LIB\ela_can.c(16): warning:  #68-D: integer conversion resulted in a change of sign
          ((0x1AA55F42 << 3) | 0x4) >> 16;
..\ELA_LIB\ela_can.c(18): warning:  #61-D: integer operation result is out of range
          ((0x1AA55F42 << 3) | 0x4) & 0xFFFF;
..\ELA_LIB\ela_can.c: 3 warnings, 0 errors
compiling stm32f4xx_hal_pwr.c...
compiling stm32f4xx_hal_dma_ex.c...
compiling stm32f4xx_hal_uart.c...
compiling elaco_main.c...
..\ELA_LIB\elaco_main.c(164): warning:  #177-D: function "Motor_CheckError"  was declared but never referenced
  static void Motor_CheckError(void)
..\ELA_LIB\elaco_main.c: 1 warning, 0 errors
compiling stm32f4xx_hal_tim.c...
compiling test_freemodbus.c...
compiling portserial.c...
compiling ela_timer.c...
compiling ela_tmc5160.c...
..\ELA_LIB\ela_tmc5160.c(472): warning:  #61-D: integer operation result is out of range
      if (drv_status & (3 << 30))
..\ELA_LIB\ela_tmc5160.c(472): warning:  #68-D: integer conversion resulted in a change of sign
      if (drv_status & (3 << 30))
..\ELA_LIB\ela_tmc5160.c: 2 warnings, 0 errors
compiling porttimer.c...
compiling ela_eeprom.c...
compiling test_tmc5160.c...
compiling test_encoder.c...
..\ModTest\test_encoder.c(144): warning:  #177-D: function "Encoder_CheckError"  was declared but never referenced
  static unsigned char Encoder_CheckError(TMC5160_T *CHIP_T)
..\ModTest\test_encoder.c: 1 warning, 0 errors
compiling test_speed_mode.c...
linking...
Program Size: Code=13754 RO-data=610 RW-data=228 ZI-data=2060  
FromELF: creating hex file...
"StepMotorDriver_Keil\StepMotorDriver_Keil.axf" - 0 Error(s), 7 Warning(s).
Build Time Elapsed:  00:00:35
